{"/mnt/c/Azure/myProject/AzureFunctionSamples/AzureFunctionJestSample/HttpJestSample/index.ts": {"path":"/mnt/c/Azure/myProject/AzureFunctionSamples/AzureFunctionJestSample/HttpJestSample/index.ts","all":false,"statementMap":{"0":{"start":{"line":1,"column":0},"end":{"line":1,"column":70}},"1":{"start":{"line":2,"column":0},"end":{"line":2,"column":0}},"2":{"start":{"line":3,"column":0},"end":{"line":3,"column":103}},"3":{"start":{"line":4,"column":0},"end":{"line":4,"column":62}},"4":{"start":{"line":5,"column":0},"end":{"line":5,"column":53}},"5":{"start":{"line":6,"column":0},"end":{"line":6,"column":21}},"6":{"start":{"line":7,"column":0},"end":{"line":7,"column":23}},"7":{"start":{"line":8,"column":0},"end":{"line":8,"column":24}},"8":{"start":{"line":9,"column":0},"end":{"line":9,"column":44}},"9":{"start":{"line":10,"column":0},"end":{"line":10,"column":10}},"10":{"start":{"line":11,"column":0},"end":{"line":11,"column":15}},"11":{"start":{"line":12,"column":0},"end":{"line":12,"column":5}},"12":{"start":{"line":13,"column":0},"end":{"line":13,"column":0}},"13":{"start":{"line":14,"column":0},"end":{"line":14,"column":19}},"14":{"start":{"line":15,"column":0},"end":{"line":15,"column":19}},"15":{"start":{"line":16,"column":0},"end":{"line":16,"column":51}},"16":{"start":{"line":17,"column":0},"end":{"line":17,"column":6}},"17":{"start":{"line":18,"column":0},"end":{"line":18,"column":0}},"18":{"start":{"line":19,"column":0},"end":{"line":19,"column":2}},"19":{"start":{"line":20,"column":0},"end":{"line":20,"column":0}},"20":{"start":{"line":21,"column":0},"end":{"line":21,"column":27}}},"s":{"0":1,"1":1,"2":1,"3":2,"4":2,"5":2,"6":1,"7":1,"8":1,"9":1,"10":1,"11":1,"12":1,"13":1,"14":1,"15":1,"16":1,"17":1,"18":2,"19":1,"20":1},"branchMap":{"0":{"type":"branch","line":3,"loc":{"start":{"line":3,"column":35},"end":{"line":19,"column":2}},"locations":[{"start":{"line":3,"column":35},"end":{"line":19,"column":2}}]},"1":{"type":"branch","line":5,"loc":{"start":{"line":5,"column":27},"end":{"line":5,"column":45}},"locations":[{"start":{"line":5,"column":27},"end":{"line":5,"column":45}}]},"2":{"type":"branch","line":5,"loc":{"start":{"line":5,"column":45},"end":{"line":5,"column":51}},"locations":[{"start":{"line":5,"column":45},"end":{"line":5,"column":51}}]},"3":{"type":"branch","line":6,"loc":{"start":{"line":6,"column":20},"end":{"line":19,"column":1}},"locations":[{"start":{"line":6,"column":20},"end":{"line":19,"column":1}}]}},"b":{"0":[2],"1":[1],"2":[1],"3":[1]},"fnMap":{"0":{"name":"httpTrigger","decl":{"start":{"line":3,"column":35},"end":{"line":19,"column":2}},"loc":{"start":{"line":3,"column":35},"end":{"line":19,"column":2}},"line":3}},"f":{"0":2}}
}
